<?xml version="1.0" encoding="UTF-8"?>
<!-- Generated by org.testng.reporters.JUnitXMLReporter -->
<testsuite ignored="0" hostname="DESKTOP-PLAI3UQ" failures="0" tests="2" name="My Test1" time="13.293" errors="0" timestamp="2024-10-25T15:58:41 IST">
  <testcase classname="testCases.TC001_Tutorialsninja_AccountRegistration_Test" name="Test_Account_Registration" time="2.692"/>
  <testcase classname="testCases.TC002_Tutorialsninja_Login_Test" name="Login_Test" time="1.942"/>
</testsuite> <!-- My Test1 -->
