<?xml version="1.0" encoding="UTF-8"?>
<!-- Generated by org.testng.reporters.JUnitXMLReporter -->
<testsuite ignored="0" hostname="DESKTOP-PLAI3UQ" failures="0" tests="2" name="My Test2" time="26.574" errors="0" timestamp="2024-10-24T13:02:02 IST">
  <testcase classname="testCases.TC001_Tutorialsninja_AccountRegistration_Test" name="Test_Account_Registration" time="0.0">
    <skipped/>
  </testcase> <!-- Test_Account_Registration -->
  <testcase classname="testCases.TC002_Tutorialsninja_Login_Test" name="Login_Test" time="2.457"/>
</testsuite> <!-- My Test2 -->
