<?xml version="1.0" encoding="UTF-8"?>
<!-- Generated by org.testng.reporters.JUnitXMLReporter -->
<testsuite ignored="0" hostname="DESKTOP-PLAI3UQ" failures="0" tests="7" name="My Test1(failed)(failed)" time="56.305" errors="0" timestamp="2024-10-20T10:16:44 IST">
  <testcase classname="testCases.TC003_Login_DataDrivenTest" name="Login_DataDrivenTest" time="1.745"/>
  <testcase classname="testCases.TC003_Login_DataDrivenTest" name="Login_DataDrivenTest" time="10.932"/>
  <testcase classname="testCases.TC003_Login_DataDrivenTest" name="Login_DataDrivenTest" time="12.169"/>
  <testcase classname="testCases.TC003_Login_DataDrivenTest" name="Login_DataDrivenTest" time="11.264"/>
  <testcase classname="testCases.TC003_Login_DataDrivenTest" name="Login_DataDrivenTest" time="1.463"/>
  <testcase classname="testCases.TC003_Login_DataDrivenTest" name="Login_DataDrivenTest" time="1.546"/>
  <testcase classname="testCases.TC003_Login_DataDrivenTest" name="Login_DataDrivenTest" time="11.044"/>
</testsuite> <!-- My Test1(failed)(failed) -->
