<?xml version="1.0" encoding="UTF-8"?>
<testng-results ignored="0" total="2" passed="2" failed="0" skipped="0">
  <reporter-output>
  </reporter-output>
  <suite started-at="2024-10-25T17:35:36 IST" name="My Suite1" finished-at="2024-10-25T17:35:47 IST" duration-ms="10856">
    <groups>
      <group name="Master">
        <method signature="TC001_Tutorialsninja_AccountRegistration_Test.Test_Account_Registration()[pri:0, instance:testCases.TC001_Tutorialsninja_AccountRegistration_Test@674bd420]" name="Test_Account_Registration" class="testCases.TC001_Tutorialsninja_AccountRegistration_Test"/>
        <method signature="TC002_Tutorialsninja_Login_Test.Login_Test()[pri:0, instance:testCases.TC002_Tutorialsninja_Login_Test@4b45dcb8]" name="Login_Test" class="testCases.TC002_Tutorialsninja_Login_Test"/>
      </group> <!-- Master -->
      <group name="Sanity">
        <method signature="TC002_Tutorialsninja_Login_Test.Login_Test()[pri:0, instance:testCases.TC002_Tutorialsninja_Login_Test@4b45dcb8]" name="Login_Test" class="testCases.TC002_Tutorialsninja_Login_Test"/>
      </group> <!-- Sanity -->
      <group name="Regression">
        <method signature="TC001_Tutorialsninja_AccountRegistration_Test.Test_Account_Registration()[pri:0, instance:testCases.TC001_Tutorialsninja_AccountRegistration_Test@674bd420]" name="Test_Account_Registration" class="testCases.TC001_Tutorialsninja_AccountRegistration_Test"/>
      </group> <!-- Regression -->
    </groups>
    <test started-at="2024-10-25T17:35:36 IST" name="My Test1" finished-at="2024-10-25T17:35:47 IST" duration-ms="10856">
      <class name="testCases.TC001_Tutorialsninja_AccountRegistration_Test">
        <test-method is-config="true" signature="setup(java.lang.String,java.lang.String)[pri:0, instance:testCases.TC001_Tutorialsninja_AccountRegistration_Test@674bd420]" started-at="2024-10-25T17:35:36 IST" name="setup" finished-at="2024-10-25T17:35:40 IST" duration-ms="3360" status="PASS">
          <params>
            <param index="0">
              <value>
                <![CDATA[windows]]>
              </value>
            </param>
            <param index="1">
              <value>
                <![CDATA[chrome]]>
              </value>
            </param>
          </params>
          <reporter-output>
          </reporter-output>
        </test-method> <!-- setup -->
        <test-method signature="Test_Account_Registration()[pri:0, instance:testCases.TC001_Tutorialsninja_AccountRegistration_Test@674bd420]" started-at="2024-10-25T17:35:40 IST" name="Test_Account_Registration" finished-at="2024-10-25T17:35:42 IST" duration-ms="2307" status="PASS">
          <reporter-output>
          </reporter-output>
        </test-method> <!-- Test_Account_Registration -->
        <test-method is-config="true" signature="teardown()[pri:0, instance:testCases.TC001_Tutorialsninja_AccountRegistration_Test@674bd420]" started-at="2024-10-25T17:35:42 IST" name="teardown" finished-at="2024-10-25T17:35:42 IST" duration-ms="296" status="PASS">
          <reporter-output>
          </reporter-output>
        </test-method> <!-- teardown -->
      </class> <!-- testCases.TC001_Tutorialsninja_AccountRegistration_Test -->
      <class name="testCases.TC002_Tutorialsninja_Login_Test">
        <test-method is-config="true" signature="setup(java.lang.String,java.lang.String)[pri:0, instance:testCases.TC002_Tutorialsninja_Login_Test@4b45dcb8]" started-at="2024-10-25T17:35:42 IST" name="setup" finished-at="2024-10-25T17:35:45 IST" duration-ms="2582" status="PASS">
          <params>
            <param index="0">
              <value>
                <![CDATA[windows]]>
              </value>
            </param>
            <param index="1">
              <value>
                <![CDATA[chrome]]>
              </value>
            </param>
          </params>
          <reporter-output>
          </reporter-output>
        </test-method> <!-- setup -->
        <test-method signature="Login_Test()[pri:0, instance:testCases.TC002_Tutorialsninja_Login_Test@4b45dcb8]" started-at="2024-10-25T17:35:45 IST" name="Login_Test" finished-at="2024-10-25T17:35:46 IST" duration-ms="1616" status="PASS">
          <reporter-output>
          </reporter-output>
        </test-method> <!-- Login_Test -->
        <test-method is-config="true" signature="teardown()[pri:0, instance:testCases.TC002_Tutorialsninja_Login_Test@4b45dcb8]" started-at="2024-10-25T17:35:47 IST" name="teardown" finished-at="2024-10-25T17:35:47 IST" duration-ms="277" status="PASS">
          <reporter-output>
          </reporter-output>
        </test-method> <!-- teardown -->
      </class> <!-- testCases.TC002_Tutorialsninja_Login_Test -->
    </test> <!-- My Test1 -->
  </suite> <!-- My Suite1 -->
</testng-results>
