<?xml version="1.0" encoding="UTF-8"?>
<!-- Generated by org.testng.reporters.JUnitXMLReporter -->
<testsuite ignored="0" hostname="DESKTOP-PLAI3UQ" failures="0" tests="2" name="My Test1" time="10.856" errors="0" timestamp="2024-10-25T17:35:48 IST">
  <testcase classname="testCases.TC001_Tutorialsninja_AccountRegistration_Test" name="Test_Account_Registration" time="2.307"/>
  <testcase classname="testCases.TC002_Tutorialsninja_Login_Test" name="Login_Test" time="1.616"/>
</testsuite> <!-- My Test1 -->
